[debug] [2026-02-23T19:19:49.904Z] ----------------------------------------------------------------------
[debug] [2026-02-23T19:19:49.906Z] Command:       /Users/fawnhollow/.nvm/versions/node/v24.12.0/bin/node /Users/fawnhollow/Desktop/Websites/citigrove/node_modules/.bin/firebase deploy --only functions,hosting:site --project organic-spirit-488116-e2
[debug] [2026-02-23T19:19:49.906Z] CLI Version:   15.7.0
[debug] [2026-02-23T19:19:49.906Z] Platform:      darwin
[debug] [2026-02-23T19:19:49.906Z] Node Version:  v24.12.0
[debug] [2026-02-23T19:19:49.906Z] Time:          Mon Feb 23 2026 14:19:49 GMT-0500 (Eastern Standard Time)
[debug] [2026-02-23T19:19:49.906Z] ----------------------------------------------------------------------
[debug] 
[debug] [2026-02-23T19:19:50.587Z] > command requires scopes: ["email","openid","https://www.googleapis.com/auth/cloudplatformprojects.readonly","https://www.googleapis.com/auth/firebase","https://www.googleapis.com/auth/cloud-platform"]
[debug] [2026-02-23T19:19:50.587Z] > authorizing via signed-in user (mario@brighthornmedia.com)
[debug] [2026-02-23T19:19:50.587Z] [iam] checking project organic-spirit-488116-e2 for permissions ["cloudfunctions.functions.create","cloudfunctions.functions.delete","cloudfunctions.functions.get","cloudfunctions.functions.list","cloudfunctions.functions.update","cloudfunctions.operations.get","firebase.projects.get","firebasehosting.sites.update"]
[debug] [2026-02-23T19:19:50.588Z] Checked if tokens are valid: true, expires at: 1771877211341
[debug] [2026-02-23T19:19:50.588Z] Checked if tokens are valid: true, expires at: 1771877211341
[debug] [2026-02-23T19:19:50.588Z] >>> [apiv2][query] POST https://cloudresourcemanager.googleapis.com/v1/projects/organic-spirit-488116-e2:testIamPermissions [none]
[debug] [2026-02-23T19:19:50.588Z] >>> [apiv2][(partial)header] POST https://cloudresourcemanager.googleapis.com/v1/projects/organic-spirit-488116-e2:testIamPermissions  x-goog-user-project=organic-spirit-488116-e2
[debug] [2026-02-23T19:19:50.588Z] >>> [apiv2][body] POST https://cloudresourcemanager.googleapis.com/v1/projects/organic-spirit-488116-e2:testIamPermissions {"permissions":["cloudfunctions.functions.create","cloudfunctions.functions.delete","cloudfunctions.functions.get","cloudfunctions.functions.list","cloudfunctions.functions.update","cloudfunctions.operations.get","firebase.projects.get","firebasehosting.sites.update"]}
[debug] [2026-02-23T19:19:50.841Z] <<< [apiv2][status] POST https://cloudresourcemanager.googleapis.com/v1/projects/organic-spirit-488116-e2:testIamPermissions 200
[debug] [2026-02-23T19:19:50.841Z] <<< [apiv2][body] POST https://cloudresourcemanager.googleapis.com/v1/projects/organic-spirit-488116-e2:testIamPermissions {"permissions":["cloudfunctions.functions.create","cloudfunctions.functions.delete","cloudfunctions.functions.get","cloudfunctions.functions.list","cloudfunctions.functions.update","cloudfunctions.operations.get","firebase.projects.get","firebasehosting.sites.update"]}
[debug] [2026-02-23T19:19:50.842Z] Checked if tokens are valid: true, expires at: 1771877211341
[debug] [2026-02-23T19:19:50.842Z] Checked if tokens are valid: true, expires at: 1771877211341
[debug] [2026-02-23T19:19:50.842Z] >>> [apiv2][query] POST https://iam.googleapis.com/v1/projects/organic-spirit-488116-e2/serviceAccounts/organic-spirit-488116-e2@appspot.gserviceaccount.com:testIamPermissions [none]
[debug] [2026-02-23T19:19:50.842Z] >>> [apiv2][body] POST https://iam.googleapis.com/v1/projects/organic-spirit-488116-e2/serviceAccounts/organic-spirit-488116-e2@appspot.gserviceaccount.com:testIamPermissions {"permissions":["iam.serviceAccounts.actAs"]}
[debug] [2026-02-23T19:19:51.115Z] <<< [apiv2][status] POST https://iam.googleapis.com/v1/projects/organic-spirit-488116-e2/serviceAccounts/organic-spirit-488116-e2@appspot.gserviceaccount.com:testIamPermissions 200
[debug] [2026-02-23T19:19:51.115Z] <<< [apiv2][body] POST https://iam.googleapis.com/v1/projects/organic-spirit-488116-e2/serviceAccounts/organic-spirit-488116-e2@appspot.gserviceaccount.com:testIamPermissions {"permissions":["iam.serviceAccounts.actAs"]}
[debug] [2026-02-23T19:19:51.115Z] Checked if tokens are valid: true, expires at: 1771877211341
[debug] [2026-02-23T19:19:51.115Z] Checked if tokens are valid: true, expires at: 1771877211341
[debug] [2026-02-23T19:19:51.116Z] >>> [apiv2][query] GET https://firebase.googleapis.com/v1beta1/projects/organic-spirit-488116-e2 [none]
[debug] [2026-02-23T19:19:51.383Z] <<< [apiv2][status] GET https://firebase.googleapis.com/v1beta1/projects/organic-spirit-488116-e2 200
[debug] [2026-02-23T19:19:51.383Z] <<< [apiv2][body] GET https://firebase.googleapis.com/v1beta1/projects/organic-spirit-488116-e2 {"projectId":"organic-spirit-488116-e2","projectNumber":"285301176375","displayName":"My First Project","name":"projects/organic-spirit-488116-e2","resources":{"hostingSite":"organic-spirit-488116-e2"},"state":"ACTIVE","etag":"1_ae53ebd1-220e-4f66-bc6c-45484f1824ce"}
[info] 
[info] === Deploying to 'organic-spirit-488116-e2'...
[info] 
[info] i  deploying functions, hosting 
[debug] [2026-02-23T19:19:51.388Z] Checked if tokens are valid: true, expires at: 1771877211341
[debug] [2026-02-23T19:19:51.388Z] Checked if tokens are valid: true, expires at: 1771877211341
[debug] [2026-02-23T19:19:51.388Z] >>> [apiv2][query] GET https://cloudresourcemanager.googleapis.com/v1/projects/organic-spirit-488116-e2 [none]
[debug] [2026-02-23T19:19:51.499Z] <<< [apiv2][status] GET https://cloudresourcemanager.googleapis.com/v1/projects/organic-spirit-488116-e2 200
[debug] [2026-02-23T19:19:51.499Z] <<< [apiv2][body] GET https://cloudresourcemanager.googleapis.com/v1/projects/organic-spirit-488116-e2 {"projectNumber":"285301176375","projectId":"organic-spirit-488116-e2","lifecycleState":"ACTIVE","name":"My First Project","labels":{"firebase":"enabled","firebase-core":"disabled"},"createTime":"2026-02-21T16:34:44.682594Z","parent":{"type":"organization","id":"609944306753"}}
[info] i  functions: preparing codebase default for deployment 
[info] i  functions: ensuring required API cloudfunctions.googleapis.com is enabled... 
[info] i  functions: ensuring required API cloudbuild.googleapis.com is enabled... 
[info] i  artifactregistry: ensuring required API artifactregistry.googleapis.com is enabled... 
[debug] [2026-02-23T19:19:51.500Z] Checked if tokens are valid: true, expires at: 1771877211341
[debug] [2026-02-23T19:19:51.500Z] Checked if tokens are valid: true, expires at: 1771877211341
[debug] [2026-02-23T19:19:51.501Z] >>> [apiv2][query] GET https://firebase.googleapis.com/v1beta1/projects/organic-spirit-488116-e2/adminSdkConfig [none]
[debug] [2026-02-23T19:19:51.671Z] <<< [apiv2][status] GET https://firebase.googleapis.com/v1beta1/projects/organic-spirit-488116-e2/adminSdkConfig 200
[debug] [2026-02-23T19:19:51.671Z] <<< [apiv2][body] GET https://firebase.googleapis.com/v1beta1/projects/organic-spirit-488116-e2/adminSdkConfig {"projectId":"organic-spirit-488116-e2","storageBucket":"organic-spirit-488116-e2.firebasestorage.app"}
[debug] [2026-02-23T19:19:51.672Z] Checked if tokens are valid: true, expires at: 1771877211341
[debug] [2026-02-23T19:19:51.672Z] Checked if tokens are valid: true, expires at: 1771877211341
[debug] [2026-02-23T19:19:51.672Z] >>> [apiv2][query] GET https://runtimeconfig.googleapis.com/v1beta1/projects/organic-spirit-488116-e2/configs [none]
[debug] [2026-02-23T19:19:51.836Z] <<< [apiv2][status] GET https://runtimeconfig.googleapis.com/v1beta1/projects/organic-spirit-488116-e2/configs 200
[debug] [2026-02-23T19:19:51.836Z] <<< [apiv2][body] GET https://runtimeconfig.googleapis.com/v1beta1/projects/organic-spirit-488116-e2/configs {}
[debug] [2026-02-23T19:19:51.839Z] Validating nodejs source
[warn] ⚠  functions: Runtime Node.js 20 will be deprecated on 2026-04-30 and will be decommissioned on 2026-10-30, after which you will not be able to deploy without upgrading. Consider upgrading now to avoid disruption. See https://cloud.google.com/functions/docs/runtime-support for full details on the lifecycle policy 
[warn] ⚠  functions: package.json indicates an outdated version of firebase-functions. Please upgrade using npm install --save firebase-functions@latest in your functions directory. 
[warn] ⚠  functions: Please note that there will be breaking changes when you upgrade. 
[debug] [2026-02-23T19:19:52.285Z] > [functions] package.json contents: {
  "name": "citigrove-functions",
  "private": true,
  "engines": {
    "node": "20"
  },
  "main": "index.js",
  "dependencies": {
    "firebase-admin": "^13.0.0",
    "firebase-functions": "^6.0.0",
    "@google-cloud/storage": "^7.19.0"
  }
}
[debug] [2026-02-23T19:19:52.285Z] Building nodejs source
[info] i  functions: Loading and analyzing source code for codebase default to determine what to deploy 
[debug] [2026-02-23T19:19:52.286Z] Could not find functions.yaml. Must use http discovery
[debug] [2026-02-23T19:19:52.290Z] Found firebase-functions binary at '/Users/fawnhollow/Desktop/Websites/citigrove/functions/node_modules/.bin/firebase-functions'
[info] Serving at port 8355

[debug] [2026-02-23T19:19:52.714Z] Got response from /__/functions.yaml {"endpoints":{"citigroveMedia":{"availableMemoryMb":256,"timeoutSeconds":30,"minInstances":null,"maxInstances":null,"ingressSettings":null,"concurrency":80,"serviceAccountEmail":null,"vpc":null,"platform":"gcfv2","region":["us-east1"],"secretEnvironmentVariables":[{"key":"CITIGROVE_GCS_PRIVATE_KEY"}],"labels":{},"httpsTrigger":{},"entryPoint":"citigroveMedia"}},"specVersion":"v1alpha1","requiredAPIs":[],"extensions":{},"params":[{"type":"secret","name":"CITIGROVE_GCS_PRIVATE_KEY"}]}
[info] i  extensions: ensuring required API firebaseextensions.googleapis.com is enabled... 
[debug] [2026-02-23T19:19:56.734Z] > command requires scopes: ["email","openid","https://www.googleapis.com/auth/cloudplatformprojects.readonly","https://www.googleapis.com/auth/firebase","https://www.googleapis.com/auth/cloud-platform"]
[debug] [2026-02-23T19:19:56.734Z] > authorizing via signed-in user (mario@brighthornmedia.com)
[debug] [2026-02-23T19:19:56.734Z] [iam] checking project organic-spirit-488116-e2 for permissions ["firebase.projects.get","firebaseextensions.instances.list"]
[debug] [2026-02-23T19:19:56.734Z] Checked if tokens are valid: true, expires at: 1771877211341
[debug] [2026-02-23T19:19:56.734Z] Checked if tokens are valid: true, expires at: 1771877211341
[debug] [2026-02-23T19:19:56.734Z] >>> [apiv2][query] POST https://cloudresourcemanager.googleapis.com/v1/projects/organic-spirit-488116-e2:testIamPermissions [none]
[debug] [2026-02-23T19:19:56.734Z] >>> [apiv2][(partial)header] POST https://cloudresourcemanager.googleapis.com/v1/projects/organic-spirit-488116-e2:testIamPermissions  x-goog-user-project=organic-spirit-488116-e2
[debug] [2026-02-23T19:19:56.734Z] >>> [apiv2][body] POST https://cloudresourcemanager.googleapis.com/v1/projects/organic-spirit-488116-e2:testIamPermissions {"permissions":["firebase.projects.get","firebaseextensions.instances.list"]}
[debug] [2026-02-23T19:19:56.934Z] <<< [apiv2][status] POST https://cloudresourcemanager.googleapis.com/v1/projects/organic-spirit-488116-e2:testIamPermissions 200
[debug] [2026-02-23T19:19:56.935Z] <<< [apiv2][body] POST https://cloudresourcemanager.googleapis.com/v1/projects/organic-spirit-488116-e2:testIamPermissions {"permissions":["firebase.projects.get","firebaseextensions.instances.list"]}
[debug] [2026-02-23T19:19:56.935Z] Checked if tokens are valid: true, expires at: 1771877211341
[debug] [2026-02-23T19:19:56.935Z] Checked if tokens are valid: true, expires at: 1771877211341
[debug] [2026-02-23T19:19:56.936Z] >>> [apiv2][query] GET https://firebaseextensions.googleapis.com/v1beta/projects/organic-spirit-488116-e2/instances pageSize=100&pageToken=
[debug] [2026-02-23T19:19:57.248Z] <<< [apiv2][status] GET https://firebaseextensions.googleapis.com/v1beta/projects/organic-spirit-488116-e2/instances 200
[debug] [2026-02-23T19:19:57.248Z] <<< [apiv2][body] GET https://firebaseextensions.googleapis.com/v1beta/projects/organic-spirit-488116-e2/instances {}
[info] i  functions: Loaded environment variables from .env. 
[debug] [2026-02-23T19:19:57.251Z] Checked if tokens are valid: true, expires at: 1771877211341
[debug] [2026-02-23T19:19:57.251Z] Checked if tokens are valid: true, expires at: 1771877211341
[debug] [2026-02-23T19:19:57.251Z] >>> [apiv2][query] GET https://secretmanager.googleapis.com/v1/projects/organic-spirit-488116-e2/secrets/CITIGROVE_GCS_PRIVATE_KEY [none]
[debug] [2026-02-23T19:19:57.432Z] <<< [apiv2][status] GET https://secretmanager.googleapis.com/v1/projects/organic-spirit-488116-e2/secrets/CITIGROVE_GCS_PRIVATE_KEY 200
[debug] [2026-02-23T19:19:57.432Z] <<< [apiv2][body] GET https://secretmanager.googleapis.com/v1/projects/organic-spirit-488116-e2/secrets/CITIGROVE_GCS_PRIVATE_KEY {"name":"projects/285301176375/secrets/CITIGROVE_GCS_PRIVATE_KEY","replication":{"automatic":{}},"createTime":"2026-02-23T19:19:04.749037Z","etag":"\"164b82a4eaadfe\""}
[debug] [2026-02-23T19:19:57.433Z] Checked if tokens are valid: true, expires at: 1771877211341
[debug] [2026-02-23T19:19:57.433Z] Checked if tokens are valid: true, expires at: 1771877211341
[debug] [2026-02-23T19:19:57.433Z] >>> [apiv2][query] GET https://secretmanager.googleapis.com/v1/projects/organic-spirit-488116-e2/secrets/CITIGROVE_GCS_PRIVATE_KEY/versions/latest [none]
[debug] [2026-02-23T19:19:57.522Z] <<< [apiv2][status] GET https://secretmanager.googleapis.com/v1/projects/organic-spirit-488116-e2/secrets/CITIGROVE_GCS_PRIVATE_KEY/versions/latest 200
[debug] [2026-02-23T19:19:57.522Z] <<< [apiv2][body] GET https://secretmanager.googleapis.com/v1/projects/organic-spirit-488116-e2/secrets/CITIGROVE_GCS_PRIVATE_KEY/versions/latest {"name":"projects/285301176375/secrets/CITIGROVE_GCS_PRIVATE_KEY/versions/1","createTime":"2026-02-23T19:19:05.491781Z","state":"ENABLED","replicationStatus":{"automatic":{}},"etag":"\"164b82a4f31d45\"","clientSpecifiedPayloadChecksum":true}
[info] i  functions: preparing functions directory for uploading... 
[info] i  functions: packaged /Users/fawnhollow/Desktop/Websites/citigrove/functions (30.37 KB) for uploading 
[debug] [2026-02-23T19:19:57.544Z] Checked if tokens are valid: true, expires at: 1771877211341
[debug] [2026-02-23T19:19:57.544Z] Checked if tokens are valid: true, expires at: 1771877211341
[debug] [2026-02-23T19:19:57.544Z] >>> [apiv2][query] GET https://cloudfunctions.googleapis.com/v1/projects/organic-spirit-488116-e2/locations/-/functions [none]
[debug] [2026-02-23T19:19:58.032Z] <<< [apiv2][status] GET https://cloudfunctions.googleapis.com/v1/projects/organic-spirit-488116-e2/locations/-/functions 200
[debug] [2026-02-23T19:19:58.032Z] <<< [apiv2][body] GET https://cloudfunctions.googleapis.com/v1/projects/organic-spirit-488116-e2/locations/-/functions {}
[debug] [2026-02-23T19:19:58.033Z] Checked if tokens are valid: true, expires at: 1771877211341
[debug] [2026-02-23T19:19:58.033Z] Checked if tokens are valid: true, expires at: 1771877211341
[debug] [2026-02-23T19:19:58.033Z] >>> [apiv2][query] GET https://cloudfunctions.googleapis.com/v2/projects/organic-spirit-488116-e2/locations/-/functions filter=environment%3D%22GEN_2%22
[debug] [2026-02-23T19:19:58.556Z] <<< [apiv2][status] GET https://cloudfunctions.googleapis.com/v2/projects/organic-spirit-488116-e2/locations/-/functions 200
[debug] [2026-02-23T19:19:58.556Z] <<< [apiv2][body] GET https://cloudfunctions.googleapis.com/v2/projects/organic-spirit-488116-e2/locations/-/functions {"functions":[{"name":"projects/organic-spirit-488116-e2/locations/us-east1/functions/brighthornmediaMedia","buildConfig":{"build":"projects/285301176375/locations/us-east1/builds/c54abd69-67cd-4da1-9d24-ad51e1c2efbe","runtime":"nodejs20","entryPoint":"brighthornmediaMedia","source":{"storageSource":{"bucket":"gcf-v2-sources-285301176375-us-east1","object":"brighthornmediaMedia/function-source.zip","generation":"1771873849747859"}},"environmentVariables":{"GOOGLE_NODE_RUN_SCRIPTS":""},"dockerRepository":"projects/organic-spirit-488116-e2/locations/us-east1/repositories/gcf-artifacts","sourceProvenance":{"resolvedStorageSource":{"bucket":"gcf-v2-sources-285301176375-us-east1","object":"brighthornmediaMedia/function-source.zip","generation":"1771873849747859"}},"dockerRegistry":"ARTIFACT_REGISTRY","serviceAccount":"projects/organic-spirit-488116-e2/serviceAccounts/285301176375-compute@developer.gserviceaccount.com","automaticUpdatePolicy":{}},"serviceConfig":{"service":"projects/organic-spirit-488116-e2/locations/us-east1/services/brighthornmediamedia","timeoutSeconds":30,"environmentVariables":{"GCS_CLIENT_EMAIL":"brighthorn-media-reader@organic-spirit-488116-e2.iam.gserviceaccount.com","GCS_BUCKET_NAME":"brighthornmedia-images","NEXT_PUBLIC_GCS_BUCKET_NAME":"brighthornmedia-images","FIREBASE_CONFIG":"{\"projectId\":\"organic-spirit-488116-e2\",\"storageBucket\":\"organic-spirit-488116-e2.firebasestorage.app\"}","GCLOUD_PROJECT":"organic-spirit-488116-e2","EVENTARC_CLOUD_EVENT_SOURCE":"projects/organic-spirit-488116-e2/locations/us-east1/services/brighthornmediaMedia","FUNCTION_TARGET":"brighthornmediaMedia","LOG_EXECUTION_ID":"true"},"ingressSettings":"ALLOW_ALL","uri":"https://brighthornmediamedia-uyply7jkca-ue.a.run.app","serviceAccountEmail":"285301176375-compute@developer.gserviceaccount.com","availableMemory":"256Mi","allTrafficOnLatestRevision":true,"secretEnvironmentVariables":[{"key":"GCS_PRIVATE_KEY","projectId":"organic-spirit-488116-e2","secret":"GCS_PRIVATE_KEY","version":"3"}],"revision":"brighthornmediamedia-00001-vim","maxInstanceRequestConcurrency":80,"availableCpu":"1"},"state":"ACTIVE","updateTime":"2026-02-23T19:11:51.918697301Z","labels":{"deployment-tool":"cli-firebase","firebase-functions-hash":"2d13dffa7eaac4f629f585c3447c402369720b79"},"environment":"GEN_2","url":"https://us-east1-organic-spirit-488116-e2.cloudfunctions.net/brighthornmediaMedia","createTime":"2026-02-23T19:10:49.984651690Z","satisfiesPzi":true},{"name":"projects/organic-spirit-488116-e2/locations/us-east1/functions/essicommercialMedia","buildConfig":{"build":"projects/285301176375/locations/us-east1/builds/8811b405-fcaa-424d-8887-e413da0a6637","runtime":"nodejs20","entryPoint":"essicommercialMedia","source":{"storageSource":{"bucket":"gcf-v2-sources-285301176375-us-east1","object":"essicommercialMedia/function-source.zip","generation":"1771874150293436"}},"environmentVariables":{"GOOGLE_NODE_RUN_SCRIPTS":""},"dockerRepository":"projects/organic-spirit-488116-e2/locations/us-east1/repositories/gcf-artifacts","sourceProvenance":{"resolvedStorageSource":{"bucket":"gcf-v2-sources-285301176375-us-east1","object":"essicommercialMedia/function-source.zip","generation":"1771874150293436"}},"dockerRegistry":"ARTIFACT_REGISTRY","serviceAccount":"projects/organic-spirit-488116-e2/serviceAccounts/285301176375-compute@developer.gserviceaccount.com","automaticUpdatePolicy":{}},"serviceConfig":{"service":"projects/organic-spirit-488116-e2/locations/us-east1/services/essicommercialmedia","timeoutSeconds":30,"environmentVariables":{"GCS_CLIENT_EMAIL":"essi-media-reader@organic-spirit-488116-e2.iam.gserviceaccount.com","GCS_BUCKET_NAME":"essicommercial-images","FIREBASE_CONFIG":"{\"projectId\":\"organic-spirit-488116-e2\",\"storageBucket\":\"organic-spirit-488116-e2.firebasestorage.app\"}","GCLOUD_PROJECT":"organic-spirit-488116-e2","EVENTARC_CLOUD_EVENT_SOURCE":"projects/organic-spirit-488116-e2/locations/us-east1/services/essicommercialMedia","FUNCTION_TARGET":"essicommercialMedia","LOG_EXECUTION_ID":"true"},"ingressSettings":"ALLOW_ALL","uri":"https://essicommercialmedia-uyply7jkca-ue.a.run.app","serviceAccountEmail":"285301176375-compute@developer.gserviceaccount.com","availableMemory":"256Mi","allTrafficOnLatestRevision":true,"secretEnvironmentVariables":[{"key":"ESSI_GCS_PRIVATE_KEY","projectId":"organic-spirit-488116-e2","secret":"ESSI_GCS_PRIVATE_KEY","version":"1"}],"revision":"essicommercialmedia-00001-jev","maxInstanceRequestConcurrency":80,"availableCpu":"1"},"state":"ACTIVE","updateTime":"2026-02-23T19:16:54.308740805Z","labels":{"deployment-tool":"cli-firebase","firebase-functions-hash":"9fe4e1806918d58452fad99d5269bf3f43072438"},"environment":"GEN_2","url":"https://us-east1-organic-spirit-488116-e2.cloudfunctions.net/essicommercialMedia","createTime":"2026-02-23T19:15:50.561035238Z","satisfiesPzi":true},{"name":"projects/organic-spirit-488116-e2/locations/us-west1/functions/ssrbrighthornmedia","buildConfig":{"build":"projects/285301176375/locations/us-west1/builds/4f5c39f9-6f9a-404a-bbf1-fc20f0d08519","runtime":"nodejs24","entryPoint":"ssrbrighthornmedia","source":{"storageSource":{"bucket":"gcf-v2-sources-285301176375-us-west1","object":"ssrbrighthornmedia/function-source.zip","generation":"1771700425121160"}},"environmentVariables":{"GOOGLE_NODE_RUN_SCRIPTS":""},"dockerRepository":"projects/organic-spirit-488116-e2/locations/us-west1/repositories/gcf-artifacts","sourceProvenance":{"resolvedStorageSource":{"bucket":"gcf-v2-sources-285301176375-us-west1","object":"ssrbrighthornmedia/function-source.zip","generation":"1771700425121160"}},"dockerRegistry":"ARTIFACT_REGISTRY","serviceAccount":"projects/organic-spirit-488116-e2/serviceAccounts/285301176375-compute@developer.gserviceaccount.com","automaticUpdatePolicy":{}},"state":"UNKNOWN","updateTime":"2026-02-21T19:04:12.540969450Z","labels":{"firebase-functions-codebase":"firebase-frameworks-brighthornmedia","firebase-functions-hash":"581756253fd448e2efdb598ce00584ef97de5dfb","deployment-tool":"cli-firebase"},"stateMessages":[{"severity":"ERROR","type":"CloudRunServiceNotFound","message":"Cloud Run service projects/organic-spirit-488116-e2/locations/us-west1/services/ssrbrighthornmedia for the function was not found. The function will not work correctly. Please redeploy."}],"environment":"GEN_2","url":"https://us-west1-organic-spirit-488116-e2.cloudfunctions.net/ssrbrighthornmedia","createTime":"2026-02-21T19:00:26.241763714Z","satisfiesPzi":true}]}
[info] i  functions: ensuring required API run.googleapis.com is enabled... 
[info] i  functions: ensuring required API eventarc.googleapis.com is enabled... 
[info] i  functions: ensuring required API pubsub.googleapis.com is enabled... 
[info] i  functions: ensuring required API storage.googleapis.com is enabled... 
[info] i  functions: generating the service identity for pubsub.googleapis.com... 
[debug] [2026-02-23T19:19:58.559Z] Checked if tokens are valid: true, expires at: 1771877211341
[debug] [2026-02-23T19:19:58.559Z] Checked if tokens are valid: true, expires at: 1771877211341
[info] i  functions: generating the service identity for eventarc.googleapis.com... 
[debug] [2026-02-23T19:19:58.559Z] Checked if tokens are valid: true, expires at: 1771877211341
[debug] [2026-02-23T19:19:58.559Z] Checked if tokens are valid: true, expires at: 1771877211341
[debug] [2026-02-23T19:19:58.559Z] >>> [apiv2][query] POST https://serviceusage.googleapis.com/v1beta1/projects/285301176375/services/pubsub.googleapis.com:generateServiceIdentity [none]
[debug] [2026-02-23T19:19:58.560Z] >>> [apiv2][(partial)header] POST https://serviceusage.googleapis.com/v1beta1/projects/285301176375/services/pubsub.googleapis.com:generateServiceIdentity  x-goog-user-project=285301176375
[debug] [2026-02-23T19:19:58.560Z] >>> [apiv2][body] POST https://serviceusage.googleapis.com/v1beta1/projects/285301176375/services/pubsub.googleapis.com:generateServiceIdentity {}
[debug] [2026-02-23T19:19:58.561Z] >>> [apiv2][query] POST https://serviceusage.googleapis.com/v1beta1/projects/285301176375/services/eventarc.googleapis.com:generateServiceIdentity [none]
[debug] [2026-02-23T19:19:58.561Z] >>> [apiv2][(partial)header] POST https://serviceusage.googleapis.com/v1beta1/projects/285301176375/services/eventarc.googleapis.com:generateServiceIdentity  x-goog-user-project=285301176375
[debug] [2026-02-23T19:19:58.561Z] >>> [apiv2][body] POST https://serviceusage.googleapis.com/v1beta1/projects/285301176375/services/eventarc.googleapis.com:generateServiceIdentity {}
[debug] [2026-02-23T19:19:58.983Z] <<< [apiv2][status] POST https://serviceusage.googleapis.com/v1beta1/projects/285301176375/services/eventarc.googleapis.com:generateServiceIdentity 200
[debug] [2026-02-23T19:19:58.983Z] <<< [apiv2][body] POST https://serviceusage.googleapis.com/v1beta1/projects/285301176375/services/eventarc.googleapis.com:generateServiceIdentity {"name":"operations/finished.DONE_OPERATION","done":true,"response":{"@type":"type.googleapis.com/google.api.serviceusage.v1beta1.ServiceIdentity","email":"service-285301176375@gcp-sa-eventarc.iam.gserviceaccount.com","uniqueId":"105128809126753523009"}}
[debug] [2026-02-23T19:19:59.039Z] <<< [apiv2][status] POST https://serviceusage.googleapis.com/v1beta1/projects/285301176375/services/pubsub.googleapis.com:generateServiceIdentity 200
[debug] [2026-02-23T19:19:59.039Z] <<< [apiv2][body] POST https://serviceusage.googleapis.com/v1beta1/projects/285301176375/services/pubsub.googleapis.com:generateServiceIdentity {"name":"operations/finished.DONE_OPERATION","done":true,"response":{"@type":"type.googleapis.com/google.api.serviceusage.v1beta1.ServiceIdentity","email":"service-285301176375@gcp-sa-pubsub.iam.gserviceaccount.com","uniqueId":"112020355459549597974"}}
[info] i  functions: ensuring required API secretmanager.googleapis.com is enabled... 
[debug] [2026-02-23T19:19:59.040Z] Checked if tokens are valid: true, expires at: 1771877211341
[debug] [2026-02-23T19:19:59.040Z] Checked if tokens are valid: true, expires at: 1771877211341
[debug] [2026-02-23T19:19:59.040Z] >>> [apiv2][query] GET https://secretmanager.googleapis.com/v1/projects/organic-spirit-488116-e2/secrets/CITIGROVE_GCS_PRIVATE_KEY/versions/latest [none]
[debug] [2026-02-23T19:19:59.114Z] <<< [apiv2][status] GET https://secretmanager.googleapis.com/v1/projects/organic-spirit-488116-e2/secrets/CITIGROVE_GCS_PRIVATE_KEY/versions/latest 200
[debug] [2026-02-23T19:19:59.114Z] <<< [apiv2][body] GET https://secretmanager.googleapis.com/v1/projects/organic-spirit-488116-e2/secrets/CITIGROVE_GCS_PRIVATE_KEY/versions/latest {"name":"projects/285301176375/secrets/CITIGROVE_GCS_PRIVATE_KEY/versions/1","createTime":"2026-02-23T19:19:05.491781Z","state":"ENABLED","replicationStatus":{"automatic":{}},"etag":"\"164b82a4f31d45\"","clientSpecifiedPayloadChecksum":true}
[debug] [2026-02-23T19:19:59.115Z] Resolved secret version of CITIGROVE_GCS_PRIVATE_KEY to 1.
[debug] [2026-02-23T19:19:59.115Z] Checked if tokens are valid: true, expires at: 1771877211341
[debug] [2026-02-23T19:19:59.115Z] Checked if tokens are valid: true, expires at: 1771877211341
[debug] [2026-02-23T19:19:59.116Z] >>> [apiv2][query] GET https://cloudresourcemanager.googleapis.com/v1/projects/organic-spirit-488116-e2 [none]
[debug] [2026-02-23T19:19:59.216Z] <<< [apiv2][status] GET https://cloudresourcemanager.googleapis.com/v1/projects/organic-spirit-488116-e2 200
[debug] [2026-02-23T19:19:59.216Z] <<< [apiv2][body] GET https://cloudresourcemanager.googleapis.com/v1/projects/organic-spirit-488116-e2 {"projectNumber":"285301176375","projectId":"organic-spirit-488116-e2","lifecycleState":"ACTIVE","name":"My First Project","labels":{"firebase":"enabled","firebase-core":"disabled"},"createTime":"2026-02-21T16:34:44.682594Z","parent":{"type":"organization","id":"609944306753"}}
[debug] [2026-02-23T19:19:59.217Z] Checked if tokens are valid: true, expires at: 1771877211341
[debug] [2026-02-23T19:19:59.217Z] Checked if tokens are valid: true, expires at: 1771877211341
[debug] [2026-02-23T19:19:59.217Z] >>> [apiv2][query] GET https://compute.googleapis.com/compute/v1/projects/285301176375 [none]
[debug] [2026-02-23T19:19:59.523Z] <<< [apiv2][status] GET https://compute.googleapis.com/compute/v1/projects/285301176375 200
[debug] [2026-02-23T19:19:59.523Z] <<< [apiv2][body] GET https://compute.googleapis.com/compute/v1/projects/285301176375 {"kind":"compute#project","id":"3363527564180485093","creationTimestamp":"2026-02-22T19:44:10.292-08:00","name":"organic-spirit-488116-e2","commonInstanceMetadata":{"kind":"compute#metadata","fingerprint":"RAp0_zixkco="},"quotas":[{"metric":"SNAPSHOTS","limit":1000,"usage":0},{"metric":"NETWORKS","limit":5,"usage":2},{"metric":"FIREWALLS","limit":100,"usage":10},{"metric":"IMAGES","limit":100,"usage":0},{"metric":"STATIC_ADDRESSES","limit":8,"usage":0},{"metric":"ROUTES","limit":200,"usage":0},{"metric":"FORWARDING_RULES","limit":15,"usage":0},{"metric":"TARGET_POOLS","limit":50,"usage":0},{"metric":"HEALTH_CHECKS","limit":75,"usage":1},{"metric":"IN_USE_ADDRESSES","limit":8,"usage":0},{"metric":"TARGET_INSTANCES","limit":50,"usage":0},{"metric":"TARGET_HTTP_PROXIES","limit":10,"usage":0},{"metric":"URL_MAPS","limit":10,"usage":0},{"metric":"BACKEND_SERVICES","limit":50,"usage":0},{"metric":"INSTANCE_TEMPLATES","limit":100,"usage":0},{"metric":"TARGET_VPN_GATEWAYS","limit":5,"usage":0},{"metric":"VPN_TUNNELS","limit":10,"usage":0},{"metric":"BACKEND_BUCKETS","limit":3,"usage":0},{"metric":"ROUTERS","limit":10,"usage":0},{"metric":"TARGET_SSL_PROXIES","limit":10,"usage":0},{"metric":"TARGET_HTTPS_PROXIES","limit":10,"usage":0},{"metric":"SSL_CERTIFICATES","limit":10,"usage":0},{"metric":"SUBNETWORKS","limit":100,"usage":0},{"metric":"TARGET_TCP_PROXIES","limit":10,"usage":0},{"metric":"CPUS_ALL_REGIONS","limit":12,"usage":2},{"metric":"SECURITY_POLICIES","limit":10,"usage":0},{"metric":"SECURITY_POLICY_RULES","limit":100,"usage":0},{"metric":"XPN_SERVICE_PROJECTS","limit":1000,"usage":0},{"metric":"PACKET_MIRRORINGS","limit":20,"usage":0},{"metric":"NETWORK_ENDPOINT_GROUPS","limit":100,"usage":0},{"metric":"INTERCONNECTS","limit":6,"usage":0},{"metric":"SSL_POLICIES","limit":10,"usage":0},{"metric":"GLOBAL_INTERNAL_ADDRESSES","limit":5000,"usage":0},{"metric":"VPN_GATEWAYS","limit":5,"usage":0},{"metric":"MACHINE_IMAGES","limit":100,"usage":0},{"metric":"SECURITY_POLICY_CEVAL_RULES","limit":20,"usage":0},{"metric":"GPUS_ALL_REGIONS","limit":0,"usage":0},{"metric":"EXTERNAL_VPN_GATEWAYS","limit":5,"usage":0},{"metric":"PUBLIC_ADVERTISED_PREFIXES","limit":1,"usage":0},{"metric":"PUBLIC_DELEGATED_PREFIXES","limit":10,"usage":0},{"metric":"STATIC_BYOIP_ADDRESSES","limit":128,"usage":0},{"metric":"NETWORK_FIREWALL_POLICIES","limit":10,"usage":0},{"metric":"INTERNAL_TRAFFIC_DIRECTOR_FORWARDING_RULES","limit":15,"usage":0},{"metric":"GLOBAL_EXTERNAL_MANAGED_FORWARDING_RULES","limit":15,"usage":0},{"metric":"GLOBAL_INTERNAL_MANAGED_BACKEND_SERVICES","limit":50,"usage":0},{"metric":"GLOBAL_EXTERNAL_MANAGED_BACKEND_SERVICES","limit":50,"usage":0},{"metric":"GLOBAL_EXTERNAL_PROXY_LB_BACKEND_SERVICES","limit":50,"usage":0},{"metric":"GLOBAL_INTERNAL_TRAFFIC_DIRECTOR_BACKEND_SERVICES","limit":250,"usage":0}],"selfLink":"https://www.googleapis.com/compute/v1/projects/organic-spirit-488116-e2","defaultServiceAccount":"285301176375-compute@developer.gserviceaccount.com","xpnProjectStatus":"UNSPECIFIED_XPN_PROJECT_STATUS","defaultNetworkTier":"PREMIUM","vmDnsSetting":"ZONAL_ONLY","cloudArmorTier":"CA_STANDARD"}
[info] i  functions: ensuring 285301176375-compute@developer.gserviceaccount.com access to secret CITIGROVE_GCS_PRIVATE_KEY. 
[debug] [2026-02-23T19:19:59.524Z] Checked if tokens are valid: true, expires at: 1771877211341
[debug] [2026-02-23T19:19:59.524Z] Checked if tokens are valid: true, expires at: 1771877211341
[debug] [2026-02-23T19:19:59.524Z] >>> [apiv2][query] GET https://secretmanager.googleapis.com/v1/projects/organic-spirit-488116-e2/secrets/CITIGROVE_GCS_PRIVATE_KEY:getIamPolicy [none]
[debug] [2026-02-23T19:19:59.753Z] <<< [apiv2][status] GET https://secretmanager.googleapis.com/v1/projects/organic-spirit-488116-e2/secrets/CITIGROVE_GCS_PRIVATE_KEY:getIamPolicy 200
[debug] [2026-02-23T19:19:59.753Z] <<< [apiv2][body] GET https://secretmanager.googleapis.com/v1/projects/organic-spirit-488116-e2/secrets/CITIGROVE_GCS_PRIVATE_KEY:getIamPolicy {"etag":"ACAB"}
[debug] [2026-02-23T19:19:59.753Z] Checked if tokens are valid: true, expires at: 1771877211341
[debug] [2026-02-23T19:19:59.754Z] Checked if tokens are valid: true, expires at: 1771877211341
[debug] [2026-02-23T19:19:59.754Z] >>> [apiv2][query] POST https://secretmanager.googleapis.com/v1/projects/organic-spirit-488116-e2/secrets/CITIGROVE_GCS_PRIVATE_KEY:setIamPolicy [none]
[debug] [2026-02-23T19:19:59.754Z] >>> [apiv2][body] POST https://secretmanager.googleapis.com/v1/projects/organic-spirit-488116-e2/secrets/CITIGROVE_GCS_PRIVATE_KEY:setIamPolicy {"policy":{"bindings":[{"role":"roles/secretmanager.secretAccessor","members":["serviceAccount:285301176375-compute@developer.gserviceaccount.com"]}]},"updateMask":"bindings"}
[debug] [2026-02-23T19:20:00.184Z] <<< [apiv2][status] POST https://secretmanager.googleapis.com/v1/projects/organic-spirit-488116-e2/secrets/CITIGROVE_GCS_PRIVATE_KEY:setIamPolicy 200
[debug] [2026-02-23T19:20:00.184Z] <<< [apiv2][body] POST https://secretmanager.googleapis.com/v1/projects/organic-spirit-488116-e2/secrets/CITIGROVE_GCS_PRIVATE_KEY:setIamPolicy {"version":1,"etag":"BwZLgqg1Dd4=","bindings":[{"role":"roles/secretmanager.secretAccessor","members":["serviceAccount:285301176375-compute@developer.gserviceaccount.com"]}]}
[info] ✔  secretmanager: Granted roles/secretmanager.secretAccessor on projects/organic-spirit-488116-e2/secrets/CITIGROVE_GCS_PRIVATE_KEY to 285301176375-compute@developer.gserviceaccount.com 
[info] ✔  functions: ensured 285301176375-compute@developer.gserviceaccount.com access to CITIGROVE_GCS_PRIVATE_KEY. 
[debug] [2026-02-23T19:20:00.189Z] Checked if tokens are valid: true, expires at: 1771877211341
[debug] [2026-02-23T19:20:00.189Z] Checked if tokens are valid: true, expires at: 1771877211341
[debug] [2026-02-23T19:20:00.189Z] >>> [apiv2][query] POST https://firebasehosting.googleapis.com/v1beta1/projects/-/sites/citigrove/versions [none]
[debug] [2026-02-23T19:20:00.189Z] >>> [apiv2][body] POST https://firebasehosting.googleapis.com/v1beta1/projects/-/sites/citigrove/versions {"status":"CREATED","labels":{"deployment-tool":"cli-firebase"}}
[debug] [2026-02-23T19:20:01.127Z] <<< [apiv2][status] POST https://firebasehosting.googleapis.com/v1beta1/projects/-/sites/citigrove/versions 200
[debug] [2026-02-23T19:20:01.127Z] <<< [apiv2][body] POST https://firebasehosting.googleapis.com/v1beta1/projects/-/sites/citigrove/versions {"name":"projects/285301176375/sites/citigrove/versions/3f03515d59164fb5","status":"CREATED","config":{},"labels":{"deployment-tool":"cli-firebase"}}
[debug] [2026-02-23T19:20:01.127Z] Checked if tokens are valid: true, expires at: 1771877211341
[debug] [2026-02-23T19:20:01.127Z] Checked if tokens are valid: true, expires at: 1771877211341
[debug] [2026-02-23T19:20:01.127Z] >>> [apiv2][query] GET https://cloudbilling.googleapis.com/v1/projects/organic-spirit-488116-e2/billingInfo [none]
[debug] [2026-02-23T19:20:01.307Z] <<< [apiv2][status] GET https://cloudbilling.googleapis.com/v1/projects/organic-spirit-488116-e2/billingInfo 200
[debug] [2026-02-23T19:20:01.308Z] <<< [apiv2][body] GET https://cloudbilling.googleapis.com/v1/projects/organic-spirit-488116-e2/billingInfo {"name":"projects/organic-spirit-488116-e2/billingInfo","projectId":"organic-spirit-488116-e2","billingAccountName":"billingAccounts/019D93-D036D4-376C8B","billingEnabled":true}
[debug] [2026-02-23T19:20:01.309Z] [functions] found 1 new HTTP functions, testing setIamPolicy permission...
[debug] [2026-02-23T19:20:01.309Z] Checked if tokens are valid: true, expires at: 1771877211341
[debug] [2026-02-23T19:20:01.309Z] Checked if tokens are valid: true, expires at: 1771877211341
[debug] [2026-02-23T19:20:01.309Z] >>> [apiv2][query] POST https://cloudresourcemanager.googleapis.com/v1/projects/organic-spirit-488116-e2:testIamPermissions [none]
[debug] [2026-02-23T19:20:01.309Z] >>> [apiv2][(partial)header] POST https://cloudresourcemanager.googleapis.com/v1/projects/organic-spirit-488116-e2:testIamPermissions  x-goog-user-project=organic-spirit-488116-e2
[debug] [2026-02-23T19:20:01.309Z] >>> [apiv2][body] POST https://cloudresourcemanager.googleapis.com/v1/projects/organic-spirit-488116-e2:testIamPermissions {"permissions":["cloudfunctions.functions.setIamPolicy"]}
[debug] [2026-02-23T19:20:01.385Z] <<< [apiv2][status] POST https://cloudresourcemanager.googleapis.com/v1/projects/organic-spirit-488116-e2:testIamPermissions 200
[debug] [2026-02-23T19:20:01.385Z] <<< [apiv2][body] POST https://cloudresourcemanager.googleapis.com/v1/projects/organic-spirit-488116-e2:testIamPermissions {"permissions":["cloudfunctions.functions.setIamPolicy"]}
[debug] [2026-02-23T19:20:01.385Z] [functions] found setIamPolicy permission, proceeding with deploy
[debug] [2026-02-23T19:20:01.386Z] Checked if tokens are valid: true, expires at: 1771877211341
[debug] [2026-02-23T19:20:01.386Z] Checked if tokens are valid: true, expires at: 1771877211341
[debug] [2026-02-23T19:20:01.386Z] >>> [apiv2][query] POST https://cloudfunctions.googleapis.com/v2/projects/organic-spirit-488116-e2/locations/us-east1/functions:generateUploadUrl [none]
[debug] [2026-02-23T19:20:01.604Z] <<< [apiv2][status] POST https://cloudfunctions.googleapis.com/v2/projects/organic-spirit-488116-e2/locations/us-east1/functions:generateUploadUrl 200
[debug] [2026-02-23T19:20:01.604Z] <<< [apiv2][body] POST https://cloudfunctions.googleapis.com/v2/projects/organic-spirit-488116-e2/locations/us-east1/functions:generateUploadUrl {"uploadUrl":"https://storage.googleapis.com/gcf-v2-uploads-285301176375.us-east1.cloudfunctions.appspot.com/9a3f28d4-d0e3-4bff-b625-f852d0aa0425.zip?GoogleAccessId=service-285301176375@gcf-admin-robot.iam.gserviceaccount.com&Expires=1771876201&Signature=XzpTbZvL731VvF9g6i5AH0ueubxNZtQMpuN%2BTbzsK5e0SEtkzHNJzUYLB7UbE0H6mZ4V1pxb4M0xK%2FUGbx%2FIOgOVj17zcT5pB5ISUWVMQVgm79PEN1ujkyDEb2c550cwWmoDvbpF9MWRkpe2HA0Zim%2BIANfBxjsN49QWXJjVkxCPMtaAsG4J0pU%2BFhG4bPC8g%2B3CBFsYK%2BYJebo%2F5I5TRjx6Kz2%2BGbRNhV3vaOCgMQ9wEwejgAdvU14S53pcW%2F74MVX5mqQz8yNTKIvk4x7N1t8UpFyL8eVGj72jweTX3KiUa9koNQX8AcCZDN5fZriqq0PMSaAOCQTDvPZhim%2FDJw%3D%3D","storageSource":{"bucket":"gcf-v2-uploads-285301176375.us-east1.cloudfunctions.appspot.com","object":"9a3f28d4-d0e3-4bff-b625-f852d0aa0425.zip"}}
[debug] [2026-02-23T19:20:01.605Z] >>> [apiv2][query] PUT https://storage.googleapis.com/gcf-v2-uploads-285301176375.us-east1.cloudfunctions.appspot.com/9a3f28d4-d0e3-4bff-b625-f852d0aa0425.zip GoogleAccessId=service-285301176375%40gcf-admin-robot.iam.gserviceaccount.com&Expires=1771876201&Signature=XzpTbZvL731VvF9g6i5AH0ueubxNZtQMpuN%2BTbzsK5e0SEtkzHNJzUYLB7UbE0H6mZ4V1pxb4M0xK%2FUGbx%2FIOgOVj17zcT5pB5ISUWVMQVgm79PEN1ujkyDEb2c550cwWmoDvbpF9MWRkpe2HA0Zim%2BIANfBxjsN49QWXJjVkxCPMtaAsG4J0pU%2BFhG4bPC8g%2B3CBFsYK%2BYJebo%2F5I5TRjx6Kz2%2BGbRNhV3vaOCgMQ9wEwejgAdvU14S53pcW%2F74MVX5mqQz8yNTKIvk4x7N1t8UpFyL8eVGj72jweTX3KiUa9koNQX8AcCZDN5fZriqq0PMSaAOCQTDvPZhim%2FDJw%3D%3D
[debug] [2026-02-23T19:20:01.606Z] >>> [apiv2][body] PUT https://storage.googleapis.com/gcf-v2-uploads-285301176375.us-east1.cloudfunctions.appspot.com/9a3f28d4-d0e3-4bff-b625-f852d0aa0425.zip [stream]
[debug] [2026-02-23T19:20:01.837Z] <<< [apiv2][status] PUT https://storage.googleapis.com/gcf-v2-uploads-285301176375.us-east1.cloudfunctions.appspot.com/9a3f28d4-d0e3-4bff-b625-f852d0aa0425.zip 200
[debug] [2026-02-23T19:20:01.838Z] <<< [apiv2][body] PUT https://storage.googleapis.com/gcf-v2-uploads-285301176375.us-east1.cloudfunctions.appspot.com/9a3f28d4-d0e3-4bff-b625-f852d0aa0425.zip [omitted]
[info] ✔  functions: functions source uploaded successfully 
[info] i  hosting[citigrove]: beginning deploy... 
[info] i  hosting[citigrove]: found 33 files in public 
[debug] [2026-02-23T19:20:01.854Z] [hosting] uploading with 200 concurrency
[debug] [2026-02-23T19:20:01.870Z] Checked if tokens are valid: true, expires at: 1771877211341
[debug] [2026-02-23T19:20:01.870Z] Checked if tokens are valid: true, expires at: 1771877211341
[debug] [2026-02-23T19:20:01.871Z] [hosting] hash cache [cHVibGlj] stored for 33 files
[debug] [2026-02-23T19:20:01.871Z] [hosting][hash queue][FINAL] {"max":12,"min":1,"avg":6.0606060606060606,"active":0,"complete":33,"success":33,"errored":0,"retried":0,"total":33,"elapsed":15}
[debug] [2026-02-23T19:20:01.871Z] >>> [apiv2][query] POST https://firebasehosting.googleapis.com/v1beta1/projects/285301176375/sites/citigrove/versions/3f03515d59164fb5:populateFiles [none]
[debug] [2026-02-23T19:20:01.871Z] >>> [apiv2][body] POST https://firebasehosting.googleapis.com/v1beta1/projects/285301176375/sites/citigrove/versions/3f03515d59164fb5:populateFiles {"files":{"/window.svg":"bf07bc7ddc1ae03e7936a9347de10e85cf9a0e51f99bd8293b2a8eeca6463b49","/vercel.svg":"ffb3d6634c37da9451d60557ed0e6e513e2889672e0bf202d2558062062a048a","/next.svg":"7b16665552cb47db34db342505d6d340caaf5813ca2cba1df3536ed67ea33f64","/hero-bg.jpg":"37b1accd73300413bcaabd4b74742825753f76119e4476c1b726489154368f56","/globe.svg":"914fe1f576f68698d9e329ea8ec6c542d8d5f150af08f1a360d188fed7597c23","/file.svg":"cb6477bad43c44ba222b8cddfa7e4fe646b19ec7449646e8c2a426354faa630e","/_next/static/nBXWzSLRO510srNbcK1Y4/_ssgManifest.js":"02dbc1aeab6ef0a6ff2ff9a1643158cf9bb38929945eaa343a3627dee9ba6778","/404.html":"bb7b81ed38f265f1887d73710214b75b7af6df53c417e0609ae28daa0649d827","/_next/static/media/ad66f9afd8947f86-s.7a40eb73.woff2":"1a0e14609112860ada68bcd117557d881c437c49a652fc25f03478d32db23261","/_next/static/nBXWzSLRO510srNbcK1Y4/_buildManifest.js":"30ef2ac8f5c7eb81cae36ed0e00068cbbdf1fe45eaa179abe62d8e5cbcb54834","/_next/static/nBXWzSLRO510srNbcK1Y4/_clientMiddlewareManifest.json":"6731668a37f6a3ed10d77860e21c7ba693c377a061571ffa58564d1d699c1798","/_next/static/media/2bbe8d2671613f1f-s.76dcb0b2.woff2":"bbf2b69affb52c37fbd41b4c75ae7fc2f2421b70be2218dbe876cef0fcdc18a9","/index.html":"1f93df9920a6d8ad3b4181be2b651ac0585566c10f69524a8904eb2246ca7ccc","/_next/static/media/14e23f9b59180572-s.9c448f3c.woff2":"7f066a45beec651ab8432f2676a6d3767463b30f92fde4527ef93fb2b4904e72","/_next/static/chunks/ff1a16fafef87110.js":"4be93412f85014c30f16ba239de81bca42ce83993b244ac2707f2bb806f7faa8","/_next/static/chunks/turbopack-727abecc1ae60de7.js":"06a59f9206395a1124b773798bb06ed1a81ef46468fd5a5ea37427e85932b1d2","/_next/static/media/favicon.0b3bf435.ico":"8b9c4dce3353938d2027ab21f0489807587db05d65ef390a6947d32312e501a0","/_next/static/chunks/9bc849d3c7ed0159.css":"7dd9eda7a416f69670fe5da80c670feab22cf355fca8a2d78678668dee5f1d61","/_next/static/chunks/d2be314c3ece3fbe.js":"42c1c5110deee7cd3aca6ad1c5f9710078f91d9113d56f7402f223bdc493b110","/_next/static/chunks/21a0a4061f3ab64d.js":"6f408e28423398a3263ae83d06e31cd3b722dc556b6b7e7cb040e95c02f77ecd","/_next/static/media/9c72aa0f40e4eef8-s.18a48cbc.woff2":"a30747ba3d635d16cfc52331d3364bcbb1024d1d1bfe0e830e6329ef1e7dda23","/_next/static/media/b49b0d9b851e4899-s.4f3fa681.woff2":"bc3079bb335d6db0380e083598c02ab4c62de37dad51af7d4d7936e7190087f9","/_next/static/media/5476f68d60460930-s.c995e352.woff2":"9158a62c685560cf2e28de5854b559863dc9dbda0bf98277ab1ed711bddd8a77","/_next/static/media/2c55a0e60120577a-s.2a48534a.woff2":"60bcc7eca099398d9118a54458d766e098397b9b59a1788046e101bc7797906b","/_next/static/chunks/519d0d1722c8411e.js":"da49681cdf8cba437c4bdff4ca34b190c3d58a84318a9f06cf0f16006c395c27","/_next/static/media/65c558afe41e89d6-s.e2c8389a.woff2":"ef751ea3e28987f0239dc4a38cb251a3aeff1527426f765d08ec7dcdb439e393","/_next/static/media/2a65768255d6b625-s.p.d19752fb.woff2":"d67d96511ff7db869541a8431c6ebf2f9ab69f770bb0bd3503595f8dd54a590a","/_next/static/media/83afe278b6a6bb3c-s.p.3a6ba036.woff2":"28d3c49d99e0f60c3d54343c8188ada21c804877b2b1fd9acc1695bf6b47ef22","/_next/static/chunks/a6dad97d9634a72d.js.map":"83cc729f43d883bb644bcb833babb4cf3c36336d5c268ce7b88e930fe0afdee1","/_next/static/chunks/a6dad97d9634a72d.js":"67dee1c02c6a6700d63b5c1898cf2df618101a68a395db469192763d24925a23","/_next/static/chunks/5c0aac8a5f149952.js":"ac42b65c84da8479abff455c03d04c0cc08a167411d3d78f15f741cde39764ab","/_next/static/media/1bffadaabf893a1e-s.7cd81963.woff2":"865e90fb09b8be8261d53d6a40c80daa87669020b3d5fa186cb66c1944efca21","/_next/static/chunks/aee6c7720838f8a2.js":"0efb89dca3e0110315db852e6bb2572cf18fdefa1d265f58f51196fcc99f3c3e"}}
[debug] [2026-02-23T19:20:02.519Z] <<< [apiv2][status] POST https://firebasehosting.googleapis.com/v1beta1/projects/285301176375/sites/citigrove/versions/3f03515d59164fb5:populateFiles 200
[debug] [2026-02-23T19:20:02.519Z] <<< [apiv2][body] POST https://firebasehosting.googleapis.com/v1beta1/projects/285301176375/sites/citigrove/versions/3f03515d59164fb5:populateFiles {"uploadRequiredHashes":["bb7b81ed38f265f1887d73710214b75b7af6df53c417e0609ae28daa0649d827","1f93df9920a6d8ad3b4181be2b651ac0585566c10f69524a8904eb2246ca7ccc","da49681cdf8cba437c4bdff4ca34b190c3d58a84318a9f06cf0f16006c395c27"],"uploadUrl":"https://upload-firebasehosting.googleapis.com/upload/sites/citigrove/versions/3f03515d59164fb5/files"}
[debug] [2026-02-23T19:20:02.520Z] Checked if tokens are valid: true, expires at: 1771877211341
[debug] [2026-02-23T19:20:02.520Z] Checked if tokens are valid: true, expires at: 1771877211341
[debug] [2026-02-23T19:20:02.520Z] Checked if tokens are valid: true, expires at: 1771877211341
[debug] [2026-02-23T19:20:02.520Z] Checked if tokens are valid: true, expires at: 1771877211341
[debug] [2026-02-23T19:20:02.520Z] Checked if tokens are valid: true, expires at: 1771877211341
[debug] [2026-02-23T19:20:02.520Z] Checked if tokens are valid: true, expires at: 1771877211341
[debug] [2026-02-23T19:20:02.520Z] >>> [apiv2][query] POST https://upload-firebasehosting.googleapis.com/upload/sites/citigrove/versions/3f03515d59164fb5/files/bb7b81ed38f265f1887d73710214b75b7af6df53c417e0609ae28daa0649d827 [none]
[debug] [2026-02-23T19:20:02.520Z] >>> [apiv2][body] POST https://upload-firebasehosting.googleapis.com/upload/sites/citigrove/versions/3f03515d59164fb5/files/bb7b81ed38f265f1887d73710214b75b7af6df53c417e0609ae28daa0649d827 [stream]
[debug] [2026-02-23T19:20:02.522Z] >>> [apiv2][query] POST https://upload-firebasehosting.googleapis.com/upload/sites/citigrove/versions/3f03515d59164fb5/files/1f93df9920a6d8ad3b4181be2b651ac0585566c10f69524a8904eb2246ca7ccc [none]
[debug] [2026-02-23T19:20:02.522Z] >>> [apiv2][body] POST https://upload-firebasehosting.googleapis.com/upload/sites/citigrove/versions/3f03515d59164fb5/files/1f93df9920a6d8ad3b4181be2b651ac0585566c10f69524a8904eb2246ca7ccc [stream]
[debug] [2026-02-23T19:20:02.522Z] >>> [apiv2][query] POST https://upload-firebasehosting.googleapis.com/upload/sites/citigrove/versions/3f03515d59164fb5/files/da49681cdf8cba437c4bdff4ca34b190c3d58a84318a9f06cf0f16006c395c27 [none]
[debug] [2026-02-23T19:20:02.522Z] >>> [apiv2][body] POST https://upload-firebasehosting.googleapis.com/upload/sites/citigrove/versions/3f03515d59164fb5/files/da49681cdf8cba437c4bdff4ca34b190c3d58a84318a9f06cf0f16006c395c27 [stream]
[debug] [2026-02-23T19:20:02.523Z] [hosting][populate queue][FINAL] {"max":650,"min":650,"avg":650,"active":0,"complete":1,"success":1,"errored":0,"retried":0,"total":1,"elapsed":653}
[debug] [2026-02-23T19:20:02.523Z] [hosting] uploads queued: 3
[debug] [2026-02-23T19:20:03.188Z] <<< [apiv2][status] POST https://upload-firebasehosting.googleapis.com/upload/sites/citigrove/versions/3f03515d59164fb5/files/1f93df9920a6d8ad3b4181be2b651ac0585566c10f69524a8904eb2246ca7ccc 200
[debug] [2026-02-23T19:20:03.188Z] <<< [apiv2][body] POST https://upload-firebasehosting.googleapis.com/upload/sites/citigrove/versions/3f03515d59164fb5/files/1f93df9920a6d8ad3b4181be2b651ac0585566c10f69524a8904eb2246ca7ccc [stream]
[debug] [2026-02-23T19:20:03.216Z] <<< [apiv2][status] POST https://upload-firebasehosting.googleapis.com/upload/sites/citigrove/versions/3f03515d59164fb5/files/da49681cdf8cba437c4bdff4ca34b190c3d58a84318a9f06cf0f16006c395c27 200
[debug] [2026-02-23T19:20:03.216Z] <<< [apiv2][body] POST https://upload-firebasehosting.googleapis.com/upload/sites/citigrove/versions/3f03515d59164fb5/files/da49681cdf8cba437c4bdff4ca34b190c3d58a84318a9f06cf0f16006c395c27 [stream]
[debug] [2026-02-23T19:20:03.369Z] <<< [apiv2][status] POST https://upload-firebasehosting.googleapis.com/upload/sites/citigrove/versions/3f03515d59164fb5/files/bb7b81ed38f265f1887d73710214b75b7af6df53c417e0609ae28daa0649d827 200
[debug] [2026-02-23T19:20:03.369Z] <<< [apiv2][body] POST https://upload-firebasehosting.googleapis.com/upload/sites/citigrove/versions/3f03515d59164fb5/files/bb7b81ed38f265f1887d73710214b75b7af6df53c417e0609ae28daa0649d827 [stream]
[debug] [2026-02-23T19:20:03.369Z] [hosting][upload queue][FINAL] {"max":850,"min":669,"avg":738.3333333333334,"active":0,"complete":3,"success":3,"errored":0,"retried":0,"total":3,"elapsed":850}
[info] ✔  hosting[citigrove]: file upload complete 
[debug] [2026-02-23T19:20:03.370Z] [hosting] deploy completed after 1530ms
[info] 
The following functions are found in your project but do not exist in your local source code:
	brighthornmediaMedia(us-east1)
	essicommercialMedia(us-east1)

If you are renaming a function or changing its region, it is recommended that you create the new function first before deleting the old one to prevent event loss. For more info, visit https://firebase.google.com/docs/functions/manage-functions#modify

